<?xml version="1.0" encoding="UTF-8"?>
<!-- Generated by org.testng.reporters.JUnitXMLReporter -->
<testsuite hostname="pc-PC" ignored="0" name="Test" tests="4" failures="0" timestamp="2020-04-12T11:43:10 IST" time="510.697" errors="0">
  <testcase name="login" time="141.037" classname="Runner.TestRunner"/>
  <testcase name="login" time="105.471" classname="Runner.TestRunner1"/>
  <testcase name="login" time="107.269" classname="Runner.TestRunner2"/>
  <testcase name="login" time="151.363" classname="Runner.TestRunner3"/>
</testsuite> <!-- Test -->
