<?xml version="1.0" encoding="UTF-8"?>
<!-- Generated by org.testng.reporters.JUnitXMLReporter -->
<testsuite hostname="pc-PC" ignored="0" name="Test" tests="4" failures="0" timestamp="2020-04-13T01:10:23 IST" time="200.221" errors="0">
  <testcase name="login" time="97.901" classname="Runner.TestRunner"/>
  <testcase name="login" time="43.518" classname="Runner.TestRunner1"/>
  <testcase name="login" time="29.084" classname="Runner.TestRunner2"/>
  <testcase name="login" time="27.3" classname="Runner.TestRunner3"/>
</testsuite> <!-- Test -->
